<?xml version="1.0" encoding="UTF-8"?>
<!-- Generated by org.testng.reporters.JUnitXMLReporter -->
<testsuite hostname="BEDI-PC" ignored="0" name="Add Attachment" tests="1" failures="0" timestamp="11 Mar 2017 07:42:10 GMT" time="0.006" errors="0">
  <testcase name="@BeforeTest isSkip" time="0.0" classname="dd_tests.AddAttachment">
    <skipped/>
  </testcase> <!-- @BeforeTest isSkip -->
  <testcase name="attachFile" time="0.0" classname="dd_tests.AddAttachment">
    <skipped/>
  </testcase> <!-- attachFile -->
</testsuite> <!-- Add Attachment -->
