<?xml version="1.0" encoding="UTF-8"?>
<!-- Generated by org.testng.reporters.JUnitXMLReporter -->
<testsuite hostname="BEDI-PC" ignored="0" name="Clear Fields Test" tests="7" failures="0" timestamp="26 Apr 2017 19:46:24 GMT" time="33.546" errors="0">
  <testcase name="valClearButton" time="5.286" classname="dd_tests.clearTest"/>
  <testcase name="valClearButton" time="3.722" classname="dd_tests.clearTest"/>
  <testcase name="valClearButton" time="3.804" classname="dd_tests.clearTest"/>
  <testcase name="valClearButton" time="4.076" classname="dd_tests.clearTest"/>
  <testcase name="valClearButton" time="3.749" classname="dd_tests.clearTest"/>
  <testcase name="valClearButton" time="3.832" classname="dd_tests.clearTest"/>
  <testcase name="valClearButton" time="4.077" classname="dd_tests.clearTest"/>
</testsuite> <!-- Clear Fields Test -->
