<?xml version="1.0" encoding="UTF-8"?>
<!-- Generated by org.testng.reporters.JUnitXMLReporter -->
<testsuite hostname="BEDI-PC" ignored="0" name="Format Test" tests="25" failures="0" timestamp="26 Apr 2017 19:47:34 GMT" time="62.834" errors="0">
  <testcase name="valFirstName" time="2.535" classname="dd_tests.formatTest"/>
  <testcase name="valFirstName" time="2.505" classname="dd_tests.formatTest"/>
  <testcase name="valFirstName" time="2.373" classname="dd_tests.formatTest"/>
  <testcase name="valFirstName" time="2.34" classname="dd_tests.formatTest"/>
  <testcase name="valFirstName" time="2.702" classname="dd_tests.formatTest"/>
  <testcase name="valFirstName" time="2.388" classname="dd_tests.formatTest"/>
  <testcase name="valFirstName" time="2.296" classname="dd_tests.formatTest"/>
  <testcase name="valLastName" time="2.404" classname="dd_tests.formatTest"/>
  <testcase name="valLastName" time="2.377" classname="dd_tests.formatTest"/>
  <testcase name="valLastName" time="2.317" classname="dd_tests.formatTest"/>
  <testcase name="valLastName" time="2.593" classname="dd_tests.formatTest"/>
  <testcase name="valLastName" time="2.784" classname="dd_tests.formatTest"/>
  <testcase name="valLastName" time="3.789" classname="dd_tests.formatTest"/>
  <testcase name="valLastName" time="2.341" classname="dd_tests.formatTest"/>
  <testcase name="valPhone" time="2.502" classname="dd_tests.formatTest"/>
  <testcase name="valPhone" time="2.406" classname="dd_tests.formatTest"/>
  <testcase name="valPhone" time="2.536" classname="dd_tests.formatTest"/>
  <testcase name="valPhone" time="2.398" classname="dd_tests.formatTest"/>
  <testcase name="valPhone" time="2.623" classname="dd_tests.formatTest"/>
  <testcase name="valPhone" time="2.361" classname="dd_tests.formatTest"/>
  <testcase name="valPhone" time="2.367" classname="dd_tests.formatTest"/>
  <testcase name="valPhone" time="2.378" classname="dd_tests.formatTest"/>
  <testcase name="valPhone" time="2.23" classname="dd_tests.formatTest"/>
  <testcase name="valPhone" time="2.285" classname="dd_tests.formatTest"/>
  <testcase name="valPhone" time="2.234" classname="dd_tests.formatTest"/>
</testsuite> <!-- Format Test -->
