<?xml version="1.0" encoding="UTF-8"?>
<!-- Generated by org.testng.reporters.JUnitXMLReporter -->
<testsuite hostname="BEDI-PC" ignored="0" name="Login Test" tests="25" failures="0" timestamp="11 Apr 2017 07:26:14 GMT" time="17.676" errors="0">
  <testcase name="valFirstName" time="0.793" classname="dd_tests.Test_1"/>
  <testcase name="valFirstName" time="0.684" classname="dd_tests.Test_1"/>
  <testcase name="valFirstName" time="0.686" classname="dd_tests.Test_1"/>
  <testcase name="valFirstName" time="0.693" classname="dd_tests.Test_1"/>
  <testcase name="valFirstName" time="0.73" classname="dd_tests.Test_1"/>
  <testcase name="valFirstName" time="0.651" classname="dd_tests.Test_1"/>
  <testcase name="valFirstName" time="0.618" classname="dd_tests.Test_1"/>
  <testcase name="valLastName" time="0.669" classname="dd_tests.Test_1"/>
  <testcase name="valLastName" time="0.685" classname="dd_tests.Test_1"/>
  <testcase name="valLastName" time="0.634" classname="dd_tests.Test_1"/>
  <testcase name="valLastName" time="0.616" classname="dd_tests.Test_1"/>
  <testcase name="valLastName" time="0.673" classname="dd_tests.Test_1"/>
  <testcase name="valLastName" time="0.654" classname="dd_tests.Test_1"/>
  <testcase name="valLastName" time="0.641" classname="dd_tests.Test_1"/>
  <testcase name="valPhone" time="0.647" classname="dd_tests.Test_1"/>
  <testcase name="valPhone" time="0.651" classname="dd_tests.Test_1"/>
  <testcase name="valPhone" time="0.669" classname="dd_tests.Test_1"/>
  <testcase name="valPhone" time="0.654" classname="dd_tests.Test_1"/>
  <testcase name="valPhone" time="0.627" classname="dd_tests.Test_1"/>
  <testcase name="valPhone" time="0.731" classname="dd_tests.Test_1"/>
  <testcase name="valPhone" time="0.681" classname="dd_tests.Test_1"/>
  <testcase name="valPhone" time="0.624" classname="dd_tests.Test_1"/>
  <testcase name="valPhone" time="0.608" classname="dd_tests.Test_1"/>
  <testcase name="valPhone" time="0.693" classname="dd_tests.Test_1"/>
  <testcase name="valPhone" time="0.601" classname="dd_tests.Test_1"/>
</testsuite> <!-- Login Test -->
