<?xml version="1.0" encoding="UTF-8"?>
<!-- Generated by org.testng.reporters.JUnitXMLReporter -->
<testsuite hostname="BEDI-PC" ignored="0" name="Mandatory Field Test" tests="3" failures="0" timestamp="26 Apr 2017 19:47:47 GMT" time="12.808" errors="0">
  <testcase name="valFirstName" time="7.312" classname="dd_tests.mandFieldTest"/>
  <testcase name="valLastName" time="2.295" classname="dd_tests.mandFieldTest"/>
  <testcase name="valPhone" time="2.276" classname="dd_tests.mandFieldTest"/>
</testsuite> <!-- Mandatory Field Test -->
