<?xml version="1.0" encoding="UTF-8"?>
<!-- Generated by org.testng.reporters.JUnitXMLReporter -->
<testsuite hostname="BEDI-PC" ignored="0" name="Required Test" tests="7" failures="0" timestamp="11 Apr 2017 20:49:38 GMT" time="8.893" errors="0">
  <testcase name="valClearButton" time="1.237" classname="dd_tests.clearTest"/>
  <testcase name="valClearButton" time="1.13" classname="dd_tests.clearTest"/>
  <testcase name="valClearButton" time="1.047" classname="dd_tests.clearTest"/>
  <testcase name="valClearButton" time="1.099" classname="dd_tests.clearTest"/>
  <testcase name="valClearButton" time="1.03" classname="dd_tests.clearTest"/>
  <testcase name="valClearButton" time="1.069" classname="dd_tests.clearTest"/>
  <testcase name="valClearButton" time="1.311" classname="dd_tests.clearTest"/>
</testsuite> <!-- Required Test -->
