<?xml version="1.0" encoding="UTF-8"?>
<testng-results skipped="0" failed="1" ignored="0" total="38" passed="37">
  <reporter-output>
  </reporter-output>
  <suite name="DataDriven Framework" duration-ms="123546" started-at="2017-04-26T19:45:50Z" finished-at="2017-04-26T19:47:53Z">
    <groups>
    </groups>
    <test name="Clear Fields Test" duration-ms="33546" started-at="2017-04-26T19:45:50Z" finished-at="2017-04-26T19:46:23Z">
      <class name="dd_tests.clearTest">
        <test-method status="PASS" signature="isSkip()[pri:0, instance:dd_tests.clearTest@1e2dbf3]" name="isSkip" is-config="true" duration-ms="4510" started-at="2017-04-27T01:15:50Z" finished-at="2017-04-27T01:15:54Z">
          <reporter-output>
          </reporter-output>
        </test-method> <!-- isSkip -->
        <test-method status="PASS" signature="valClearButton(java.lang.String, java.lang.String, java.lang.String)[pri:7, instance:dd_tests.clearTest@1e2dbf3]" name="valClearButton" duration-ms="5286" started-at="2017-04-27T01:15:55Z" data-provider="getData" finished-at="2017-04-27T01:16:00Z">
          <params>
            <param index="0">
              <value>
                <![CDATA[Savleen1]]>
              </value>
            </param>
            <param index="1">
              <value>
                <![CDATA[Bedi]]>
              </value>
            </param>
            <param index="2">
              <value>
                <![CDATA[5148343453]]>
              </value>
            </param>
          </params>
          <reporter-output>
          </reporter-output>
        </test-method> <!-- valClearButton -->
        <test-method status="PASS" signature="valClearButton(java.lang.String, java.lang.String, java.lang.String)[pri:7, instance:dd_tests.clearTest@1e2dbf3]" name="valClearButton" duration-ms="3722" started-at="2017-04-27T01:16:00Z" data-provider="getData" finished-at="2017-04-27T01:16:04Z">
          <params>
            <param index="0">
              <value>
                <![CDATA[]]>
              </value>
            </param>
            <param index="1">
              <value>
                <![CDATA[Bedi]]>
              </value>
            </param>
            <param index="2">
              <value>
                <![CDATA[5148343453]]>
              </value>
            </param>
          </params>
          <reporter-output>
          </reporter-output>
        </test-method> <!-- valClearButton -->
        <test-method status="PASS" signature="valClearButton(java.lang.String, java.lang.String, java.lang.String)[pri:7, instance:dd_tests.clearTest@1e2dbf3]" name="valClearButton" duration-ms="3804" started-at="2017-04-27T01:16:04Z" data-provider="getData" finished-at="2017-04-27T01:16:08Z">
          <params>
            <param index="0">
              <value>
                <![CDATA[Savleen#]]>
              </value>
            </param>
            <param index="1">
              <value>
                <![CDATA[]]>
              </value>
            </param>
            <param index="2">
              <value>
                <![CDATA[5148343453]]>
              </value>
            </param>
          </params>
          <reporter-output>
          </reporter-output>
        </test-method> <!-- valClearButton -->
        <test-method status="PASS" signature="valClearButton(java.lang.String, java.lang.String, java.lang.String)[pri:7, instance:dd_tests.clearTest@1e2dbf3]" name="valClearButton" duration-ms="4076" started-at="2017-04-27T01:16:08Z" data-provider="getData" finished-at="2017-04-27T01:16:12Z">
          <params>
            <param index="0">
              <value>
                <![CDATA[Savleen$]]>
              </value>
            </param>
            <param index="1">
              <value>
                <![CDATA[Bedi]]>
              </value>
            </param>
            <param index="2">
              <value>
                <![CDATA[&^%$#]]>
              </value>
            </param>
          </params>
          <reporter-output>
          </reporter-output>
        </test-method> <!-- valClearButton -->
        <test-method status="PASS" signature="valClearButton(java.lang.String, java.lang.String, java.lang.String)[pri:7, instance:dd_tests.clearTest@1e2dbf3]" name="valClearButton" duration-ms="3749" started-at="2017-04-27T01:16:12Z" data-provider="getData" finished-at="2017-04-27T01:16:16Z">
          <params>
            <param index="0">
              <value>
                <![CDATA[Savleen()]]>
              </value>
            </param>
            <param index="1">
              <value>
                <![CDATA[Bedi]]>
              </value>
            </param>
            <param index="2">
              <value>
                <![CDATA[abcdef]]>
              </value>
            </param>
          </params>
          <reporter-output>
          </reporter-output>
        </test-method> <!-- valClearButton -->
        <test-method status="PASS" signature="valClearButton(java.lang.String, java.lang.String, java.lang.String)[pri:7, instance:dd_tests.clearTest@1e2dbf3]" name="valClearButton" duration-ms="3832" started-at="2017-04-27T01:16:16Z" data-provider="getData" finished-at="2017-04-27T01:16:19Z">
          <params>
            <param index="0">
              <value>
                <![CDATA[Savleen&*]]>
              </value>
            </param>
            <param index="1">
              <value>
                <![CDATA[Bedi@#]]>
              </value>
            </param>
            <param index="2">
              <value>
                <![CDATA[5148343453]]>
              </value>
            </param>
          </params>
          <reporter-output>
          </reporter-output>
        </test-method> <!-- valClearButton -->
        <test-method status="PASS" signature="valClearButton(java.lang.String, java.lang.String, java.lang.String)[pri:7, instance:dd_tests.clearTest@1e2dbf3]" name="valClearButton" duration-ms="4077" started-at="2017-04-27T01:16:19Z" data-provider="getData" finished-at="2017-04-27T01:16:23Z">
          <params>
            <param index="0">
              <value>
                <![CDATA[Savleen++]]>
              </value>
            </param>
            <param index="1">
              <value>
                <![CDATA[BediBediBediBediBediBediBediBedi]]>
              </value>
            </param>
            <param index="2">
              <value>
                <![CDATA[5148343453]]>
              </value>
            </param>
          </params>
          <reporter-output>
          </reporter-output>
        </test-method> <!-- valClearButton -->
      </class> <!-- dd_tests.clearTest -->
    </test> <!-- Clear Fields Test -->
    <test name="Character Test" duration-ms="7739" started-at="2017-04-26T19:46:24Z" finished-at="2017-04-26T19:46:31Z">
      <class name="dd_tests.charTest">
        <test-method status="PASS" signature="isSkip()[pri:0, instance:dd_tests.charTest@199d22e]" name="isSkip" is-config="true" duration-ms="4" started-at="2017-04-27T01:16:24Z" finished-at="2017-04-27T01:16:24Z">
          <reporter-output>
          </reporter-output>
        </test-method> <!-- isSkip -->
        <test-method status="PASS" signature="isSkip1()[pri:0, instance:dd_tests.charTest@199d22e]" name="isSkip1" is-config="true" duration-ms="2" started-at="2017-04-27T01:16:24Z" finished-at="2017-04-27T01:16:24Z">
          <reporter-output>
          </reporter-output>
        </test-method> <!-- isSkip1 -->
        <test-method status="PASS" signature="valFirstName(java.lang.String, java.lang.String, java.lang.String)[pri:8, instance:dd_tests.charTest@199d22e]" name="valFirstName" duration-ms="2713" started-at="2017-04-27T01:16:24Z" data-provider="getData" finished-at="2017-04-27T01:16:27Z">
          <params>
            <param index="0">
              <value>
                <![CDATA[SavleenSavleenSavleenSavleen]]>
              </value>
            </param>
            <param index="1">
              <value>
                <![CDATA[Bedi]]>
              </value>
            </param>
            <param index="2">
              <value>
                <![CDATA[5148343453]]>
              </value>
            </param>
          </params>
          <reporter-output>
          </reporter-output>
        </test-method> <!-- valFirstName -->
        <test-method status="FAIL" signature="valLastName(java.lang.String, java.lang.String, java.lang.String)[pri:9, instance:dd_tests.charTest@199d22e]" name="valLastName" duration-ms="4464" started-at="2017-04-27T01:16:27Z" data-provider="getData1" finished-at="2017-04-27T01:16:31Z">
          <params>
            <param index="0">
              <value>
                <![CDATA[Savleen]]>
              </value>
            </param>
            <param index="1">
              <value>
                <![CDATA[BediBediBediBediBediBedi]]>
              </value>
            </param>
            <param index="2">
              <value>
                <![CDATA[5148343453]]>
              </value>
            </param>
          </params>
          <exception class="java.lang.AssertionError">
            <message>
              <![CDATA[expected:<The max length of last name is 20> but was:<> expected [true] but found [false]]]>
            </message>
            <full-stacktrace>
              <![CDATA[java.lang.AssertionError: expected:<The max length of last name is 20> but was:<> expected [true] but found [false]
	at org.testng.Assert.fail(Assert.java:94)
	at org.testng.Assert.failNotEquals(Assert.java:513)
	at org.testng.Assert.assertTrue(Assert.java:42)
	at dd_tests.charTest.valLastName(charTest.java:84)
	at sun.reflect.NativeMethodAccessorImpl.invoke0(Native Method)
	at sun.reflect.NativeMethodAccessorImpl.invoke(Unknown Source)
	at sun.reflect.DelegatingMethodAccessorImpl.invoke(Unknown Source)
	at java.lang.reflect.Method.invoke(Unknown Source)
	at org.testng.internal.MethodInvocationHelper.invokeMethod(MethodInvocationHelper.java:104)
	at org.testng.internal.Invoker.invokeMethod(Invoker.java:645)
	at org.testng.internal.Invoker.invokeTestMethod(Invoker.java:851)
	at org.testng.internal.Invoker.invokeTestMethods(Invoker.java:1177)
	at org.testng.internal.TestMethodWorker.invokeTestMethods(TestMethodWorker.java:129)
	at org.testng.internal.TestMethodWorker.run(TestMethodWorker.java:112)
	at org.testng.TestRunner.privateRun(TestRunner.java:756)
	at org.testng.TestRunner.run(TestRunner.java:610)
	at org.testng.SuiteRunner.runTest(SuiteRunner.java:387)
	at org.testng.SuiteRunner.runSequentially(SuiteRunner.java:382)
	at org.testng.SuiteRunner.privateRun(SuiteRunner.java:340)
	at org.testng.SuiteRunner.run(SuiteRunner.java:289)
	at org.testng.SuiteRunnerWorker.runSuite(SuiteRunnerWorker.java:52)
	at org.testng.SuiteRunnerWorker.run(SuiteRunnerWorker.java:86)
	at org.testng.TestNG.runSuitesSequentially(TestNG.java:1293)
	at org.testng.TestNG.runSuitesLocally(TestNG.java:1218)
	at org.testng.TestNG.runSuites(TestNG.java:1133)
	at org.testng.TestNG.run(TestNG.java:1104)
	at org.testng.remote.AbstractRemoteTestNG.run(AbstractRemoteTestNG.java:132)
	at org.testng.remote.RemoteTestNG.initAndRun(RemoteTestNG.java:236)
	at org.testng.remote.RemoteTestNG.main(RemoteTestNG.java:81)
]]>
            </full-stacktrace>
          </exception> <!-- java.lang.AssertionError -->
          <reporter-output>
          </reporter-output>
        </test-method> <!-- valLastName -->
      </class> <!-- dd_tests.charTest -->
    </test> <!-- Character Test -->
    <test name="Format Test" duration-ms="62834" started-at="2017-04-26T19:46:31Z" finished-at="2017-04-26T19:47:34Z">
      <class name="dd_tests.formatTest">
        <test-method status="PASS" signature="isSkip()[pri:0, instance:dd_tests.formatTest@1855c9a]" name="isSkip" is-config="true" duration-ms="1" started-at="2017-04-27T01:16:31Z" finished-at="2017-04-27T01:16:31Z">
          <reporter-output>
          </reporter-output>
        </test-method> <!-- isSkip -->
        <test-method status="PASS" signature="isSkip2()[pri:0, instance:dd_tests.formatTest@1855c9a]" name="isSkip2" is-config="true" duration-ms="1" started-at="2017-04-27T01:16:31Z" finished-at="2017-04-27T01:16:31Z">
          <reporter-output>
          </reporter-output>
        </test-method> <!-- isSkip2 -->
        <test-method status="PASS" signature="isSkip1()[pri:0, instance:dd_tests.formatTest@1855c9a]" name="isSkip1" is-config="true" duration-ms="0" started-at="2017-04-27T01:16:31Z" finished-at="2017-04-27T01:16:31Z">
          <reporter-output>
          </reporter-output>
        </test-method> <!-- isSkip1 -->
        <test-method status="PASS" signature="valFirstName(java.lang.String, java.lang.String, java.lang.String)[pri:1, instance:dd_tests.formatTest@1855c9a]" name="valFirstName" duration-ms="2535" started-at="2017-04-27T01:16:32Z" data-provider="getData" finished-at="2017-04-27T01:16:34Z">
          <params>
            <param index="0">
              <value>
                <![CDATA[Savleen1]]>
              </value>
            </param>
            <param index="1">
              <value>
                <![CDATA[Bedi]]>
              </value>
            </param>
            <param index="2">
              <value>
                <![CDATA[5148343453]]>
              </value>
            </param>
          </params>
          <reporter-output>
          </reporter-output>
        </test-method> <!-- valFirstName -->
        <test-method status="PASS" signature="valFirstName(java.lang.String, java.lang.String, java.lang.String)[pri:1, instance:dd_tests.formatTest@1855c9a]" name="valFirstName" duration-ms="2505" started-at="2017-04-27T01:16:34Z" data-provider="getData" finished-at="2017-04-27T01:16:37Z">
          <params>
            <param index="0">
              <value>
                <![CDATA[Savleen!]]>
              </value>
            </param>
            <param index="1">
              <value>
                <![CDATA[Bedi]]>
              </value>
            </param>
            <param index="2">
              <value>
                <![CDATA[5148343453]]>
              </value>
            </param>
          </params>
          <reporter-output>
          </reporter-output>
        </test-method> <!-- valFirstName -->
        <test-method status="PASS" signature="valFirstName(java.lang.String, java.lang.String, java.lang.String)[pri:1, instance:dd_tests.formatTest@1855c9a]" name="valFirstName" duration-ms="2373" started-at="2017-04-27T01:16:37Z" data-provider="getData" finished-at="2017-04-27T01:16:39Z">
          <params>
            <param index="0">
              <value>
                <![CDATA[Savleen#]]>
              </value>
            </param>
            <param index="1">
              <value>
                <![CDATA[Bedi]]>
              </value>
            </param>
            <param index="2">
              <value>
                <![CDATA[5148343453]]>
              </value>
            </param>
          </params>
          <reporter-output>
          </reporter-output>
        </test-method> <!-- valFirstName -->
        <test-method status="PASS" signature="valFirstName(java.lang.String, java.lang.String, java.lang.String)[pri:1, instance:dd_tests.formatTest@1855c9a]" name="valFirstName" duration-ms="2340" started-at="2017-04-27T01:16:39Z" data-provider="getData" finished-at="2017-04-27T01:16:41Z">
          <params>
            <param index="0">
              <value>
                <![CDATA[Savleen$]]>
              </value>
            </param>
            <param index="1">
              <value>
                <![CDATA[Bedi]]>
              </value>
            </param>
            <param index="2">
              <value>
                <![CDATA[5148343453]]>
              </value>
            </param>
          </params>
          <reporter-output>
          </reporter-output>
        </test-method> <!-- valFirstName -->
        <test-method status="PASS" signature="valFirstName(java.lang.String, java.lang.String, java.lang.String)[pri:1, instance:dd_tests.formatTest@1855c9a]" name="valFirstName" duration-ms="2702" started-at="2017-04-27T01:16:41Z" data-provider="getData" finished-at="2017-04-27T01:16:44Z">
          <params>
            <param index="0">
              <value>
                <![CDATA[Savleen()]]>
              </value>
            </param>
            <param index="1">
              <value>
                <![CDATA[Bedi]]>
              </value>
            </param>
            <param index="2">
              <value>
                <![CDATA[5148343453]]>
              </value>
            </param>
          </params>
          <reporter-output>
          </reporter-output>
        </test-method> <!-- valFirstName -->
        <test-method status="PASS" signature="valFirstName(java.lang.String, java.lang.String, java.lang.String)[pri:1, instance:dd_tests.formatTest@1855c9a]" name="valFirstName" duration-ms="2388" started-at="2017-04-27T01:16:44Z" data-provider="getData" finished-at="2017-04-27T01:16:47Z">
          <params>
            <param index="0">
              <value>
                <![CDATA[Savleen&*]]>
              </value>
            </param>
            <param index="1">
              <value>
                <![CDATA[Bedi]]>
              </value>
            </param>
            <param index="2">
              <value>
                <![CDATA[5148343453]]>
              </value>
            </param>
          </params>
          <reporter-output>
          </reporter-output>
        </test-method> <!-- valFirstName -->
        <test-method status="PASS" signature="valFirstName(java.lang.String, java.lang.String, java.lang.String)[pri:1, instance:dd_tests.formatTest@1855c9a]" name="valFirstName" duration-ms="2296" started-at="2017-04-27T01:16:47Z" data-provider="getData" finished-at="2017-04-27T01:16:49Z">
          <params>
            <param index="0">
              <value>
                <![CDATA[Savleen++]]>
              </value>
            </param>
            <param index="1">
              <value>
                <![CDATA[Bedi]]>
              </value>
            </param>
            <param index="2">
              <value>
                <![CDATA[5148343453]]>
              </value>
            </param>
          </params>
          <reporter-output>
          </reporter-output>
        </test-method> <!-- valFirstName -->
        <test-method status="PASS" signature="valLastName(java.lang.String, java.lang.String, java.lang.String)[pri:2, instance:dd_tests.formatTest@1855c9a]" name="valLastName" duration-ms="2404" started-at="2017-04-27T01:16:49Z" data-provider="getData1" finished-at="2017-04-27T01:16:51Z">
          <params>
            <param index="0">
              <value>
                <![CDATA[Savleen]]>
              </value>
            </param>
            <param index="1">
              <value>
                <![CDATA[Bedi1]]>
              </value>
            </param>
            <param index="2">
              <value>
                <![CDATA[5148343453]]>
              </value>
            </param>
          </params>
          <reporter-output>
          </reporter-output>
        </test-method> <!-- valLastName -->
        <test-method status="PASS" signature="valLastName(java.lang.String, java.lang.String, java.lang.String)[pri:2, instance:dd_tests.formatTest@1855c9a]" name="valLastName" duration-ms="2377" started-at="2017-04-27T01:16:51Z" data-provider="getData1" finished-at="2017-04-27T01:16:54Z">
          <params>
            <param index="0">
              <value>
                <![CDATA[Savleen]]>
              </value>
            </param>
            <param index="1">
              <value>
                <![CDATA[Bedi2]]>
              </value>
            </param>
            <param index="2">
              <value>
                <![CDATA[5148343453]]>
              </value>
            </param>
          </params>
          <reporter-output>
          </reporter-output>
        </test-method> <!-- valLastName -->
        <test-method status="PASS" signature="valLastName(java.lang.String, java.lang.String, java.lang.String)[pri:2, instance:dd_tests.formatTest@1855c9a]" name="valLastName" duration-ms="2317" started-at="2017-04-27T01:16:54Z" data-provider="getData1" finished-at="2017-04-27T01:16:56Z">
          <params>
            <param index="0">
              <value>
                <![CDATA[Savleen]]>
              </value>
            </param>
            <param index="1">
              <value>
                <![CDATA[Bedi#]]>
              </value>
            </param>
            <param index="2">
              <value>
                <![CDATA[5148343453]]>
              </value>
            </param>
          </params>
          <reporter-output>
          </reporter-output>
        </test-method> <!-- valLastName -->
        <test-method status="PASS" signature="valLastName(java.lang.String, java.lang.String, java.lang.String)[pri:2, instance:dd_tests.formatTest@1855c9a]" name="valLastName" duration-ms="2593" started-at="2017-04-27T01:16:56Z" data-provider="getData1" finished-at="2017-04-27T01:16:59Z">
          <params>
            <param index="0">
              <value>
                <![CDATA[Savleen]]>
              </value>
            </param>
            <param index="1">
              <value>
                <![CDATA[Bedi$%]]>
              </value>
            </param>
            <param index="2">
              <value>
                <![CDATA[5148343453]]>
              </value>
            </param>
          </params>
          <reporter-output>
          </reporter-output>
        </test-method> <!-- valLastName -->
        <test-method status="PASS" signature="valLastName(java.lang.String, java.lang.String, java.lang.String)[pri:2, instance:dd_tests.formatTest@1855c9a]" name="valLastName" duration-ms="2784" started-at="2017-04-27T01:16:59Z" data-provider="getData1" finished-at="2017-04-27T01:17:02Z">
          <params>
            <param index="0">
              <value>
                <![CDATA[Savleen]]>
              </value>
            </param>
            <param index="1">
              <value>
                <![CDATA[Bedi()]]>
              </value>
            </param>
            <param index="2">
              <value>
                <![CDATA[5148343453]]>
              </value>
            </param>
          </params>
          <reporter-output>
          </reporter-output>
        </test-method> <!-- valLastName -->
        <test-method status="PASS" signature="valLastName(java.lang.String, java.lang.String, java.lang.String)[pri:2, instance:dd_tests.formatTest@1855c9a]" name="valLastName" duration-ms="3789" started-at="2017-04-27T01:17:02Z" data-provider="getData1" finished-at="2017-04-27T01:17:05Z">
          <params>
            <param index="0">
              <value>
                <![CDATA[Savleen]]>
              </value>
            </param>
            <param index="1">
              <value>
                <![CDATA[Bedi++]]>
              </value>
            </param>
            <param index="2">
              <value>
                <![CDATA[5148343453]]>
              </value>
            </param>
          </params>
          <reporter-output>
          </reporter-output>
        </test-method> <!-- valLastName -->
        <test-method status="PASS" signature="valLastName(java.lang.String, java.lang.String, java.lang.String)[pri:2, instance:dd_tests.formatTest@1855c9a]" name="valLastName" duration-ms="2341" started-at="2017-04-27T01:17:05Z" data-provider="getData1" finished-at="2017-04-27T01:17:08Z">
          <params>
            <param index="0">
              <value>
                <![CDATA[Savleen]]>
              </value>
            </param>
            <param index="1">
              <value>
                <![CDATA[Bedi--]]>
              </value>
            </param>
            <param index="2">
              <value>
                <![CDATA[5148343453]]>
              </value>
            </param>
          </params>
          <reporter-output>
          </reporter-output>
        </test-method> <!-- valLastName -->
        <test-method status="PASS" signature="valPhone(java.lang.String, java.lang.String, java.lang.String)[pri:3, instance:dd_tests.formatTest@1855c9a]" name="valPhone" duration-ms="2502" started-at="2017-04-27T01:17:08Z" data-provider="getData2" finished-at="2017-04-27T01:17:10Z">
          <params>
            <param index="0">
              <value>
                <![CDATA[Savleen]]>
              </value>
            </param>
            <param index="1">
              <value>
                <![CDATA[Bedi]]>
              </value>
            </param>
            <param index="2">
              <value>
                <![CDATA[51483434535]]>
              </value>
            </param>
          </params>
          <reporter-output>
          </reporter-output>
        </test-method> <!-- valPhone -->
        <test-method status="PASS" signature="valPhone(java.lang.String, java.lang.String, java.lang.String)[pri:3, instance:dd_tests.formatTest@1855c9a]" name="valPhone" duration-ms="2406" started-at="2017-04-27T01:17:10Z" data-provider="getData2" finished-at="2017-04-27T01:17:13Z">
          <params>
            <param index="0">
              <value>
                <![CDATA[Savleen]]>
              </value>
            </param>
            <param index="1">
              <value>
                <![CDATA[Bedi]]>
              </value>
            </param>
            <param index="2">
              <value>
                <![CDATA[650-421-53801]]>
              </value>
            </param>
          </params>
          <reporter-output>
          </reporter-output>
        </test-method> <!-- valPhone -->
        <test-method status="PASS" signature="valPhone(java.lang.String, java.lang.String, java.lang.String)[pri:3, instance:dd_tests.formatTest@1855c9a]" name="valPhone" duration-ms="2536" started-at="2017-04-27T01:17:13Z" data-provider="getData2" finished-at="2017-04-27T01:17:15Z">
          <params>
            <param index="0">
              <value>
                <![CDATA[Savleen]]>
              </value>
            </param>
            <param index="1">
              <value>
                <![CDATA[Bedi]]>
              </value>
            </param>
            <param index="2">
              <value>
                <![CDATA[(650)- 4215380]]>
              </value>
            </param>
          </params>
          <reporter-output>
          </reporter-output>
        </test-method> <!-- valPhone -->
        <test-method status="PASS" signature="valPhone(java.lang.String, java.lang.String, java.lang.String)[pri:3, instance:dd_tests.formatTest@1855c9a]" name="valPhone" duration-ms="2398" started-at="2017-04-27T01:17:15Z" data-provider="getData2" finished-at="2017-04-27T01:17:18Z">
          <params>
            <param index="0">
              <value>
                <![CDATA[Savleen]]>
              </value>
            </param>
            <param index="1">
              <value>
                <![CDATA[Bedi]]>
              </value>
            </param>
            <param index="2">
              <value>
                <![CDATA[(650 )- 4215380]]>
              </value>
            </param>
          </params>
          <reporter-output>
          </reporter-output>
        </test-method> <!-- valPhone -->
        <test-method status="PASS" signature="valPhone(java.lang.String, java.lang.String, java.lang.String)[pri:3, instance:dd_tests.formatTest@1855c9a]" name="valPhone" duration-ms="2623" started-at="2017-04-27T01:17:18Z" data-provider="getData2" finished-at="2017-04-27T01:17:20Z">
          <params>
            <param index="0">
              <value>
                <![CDATA[Savleen]]>
              </value>
            </param>
            <param index="1">
              <value>
                <![CDATA[Bedi]]>
              </value>
            </param>
            <param index="2">
              <value>
                <![CDATA[( 650 )- 4215380]]>
              </value>
            </param>
          </params>
          <reporter-output>
          </reporter-output>
        </test-method> <!-- valPhone -->
        <test-method status="PASS" signature="valPhone(java.lang.String, java.lang.String, java.lang.String)[pri:3, instance:dd_tests.formatTest@1855c9a]" name="valPhone" duration-ms="2361" started-at="2017-04-27T01:17:20Z" data-provider="getData2" finished-at="2017-04-27T01:17:23Z">
          <params>
            <param index="0">
              <value>
                <![CDATA[Savleen]]>
              </value>
            </param>
            <param index="1">
              <value>
                <![CDATA[Bedi]]>
              </value>
            </param>
            <param index="2">
              <value>
                <![CDATA[650 -4215380]]>
              </value>
            </param>
          </params>
          <reporter-output>
          </reporter-output>
        </test-method> <!-- valPhone -->
        <test-method status="PASS" signature="valPhone(java.lang.String, java.lang.String, java.lang.String)[pri:3, instance:dd_tests.formatTest@1855c9a]" name="valPhone" duration-ms="2367" started-at="2017-04-27T01:17:23Z" data-provider="getData2" finished-at="2017-04-27T01:17:25Z">
          <params>
            <param index="0">
              <value>
                <![CDATA[Savleen]]>
              </value>
            </param>
            <param index="1">
              <value>
                <![CDATA[Bedi]]>
              </value>
            </param>
            <param index="2">
              <value>
                <![CDATA[650 -421 5380]]>
              </value>
            </param>
          </params>
          <reporter-output>
          </reporter-output>
        </test-method> <!-- valPhone -->
        <test-method status="PASS" signature="valPhone(java.lang.String, java.lang.String, java.lang.String)[pri:3, instance:dd_tests.formatTest@1855c9a]" name="valPhone" duration-ms="2378" started-at="2017-04-27T01:17:25Z" data-provider="getData2" finished-at="2017-04-27T01:17:28Z">
          <params>
            <param index="0">
              <value>
                <![CDATA[Savleen]]>
              </value>
            </param>
            <param index="1">
              <value>
                <![CDATA[Bedi]]>
              </value>
            </param>
            <param index="2">
              <value>
                <![CDATA[650 -421 -5380]]>
              </value>
            </param>
          </params>
          <reporter-output>
          </reporter-output>
        </test-method> <!-- valPhone -->
        <test-method status="PASS" signature="valPhone(java.lang.String, java.lang.String, java.lang.String)[pri:3, instance:dd_tests.formatTest@1855c9a]" name="valPhone" duration-ms="2230" started-at="2017-04-27T01:17:28Z" data-provider="getData2" finished-at="2017-04-27T01:17:30Z">
          <params>
            <param index="0">
              <value>
                <![CDATA[Savleen]]>
              </value>
            </param>
            <param index="1">
              <value>
                <![CDATA[Bedi]]>
              </value>
            </param>
            <param index="2">
              <value>
                <![CDATA[!@#]]>
              </value>
            </param>
          </params>
          <reporter-output>
          </reporter-output>
        </test-method> <!-- valPhone -->
        <test-method status="PASS" signature="valPhone(java.lang.String, java.lang.String, java.lang.String)[pri:3, instance:dd_tests.formatTest@1855c9a]" name="valPhone" duration-ms="2285" started-at="2017-04-27T01:17:30Z" data-provider="getData2" finished-at="2017-04-27T01:17:32Z">
          <params>
            <param index="0">
              <value>
                <![CDATA[Savleen]]>
              </value>
            </param>
            <param index="1">
              <value>
                <![CDATA[Bedi]]>
              </value>
            </param>
            <param index="2">
              <value>
                <![CDATA[abcdefghi]]>
              </value>
            </param>
          </params>
          <reporter-output>
          </reporter-output>
        </test-method> <!-- valPhone -->
        <test-method status="PASS" signature="valPhone(java.lang.String, java.lang.String, java.lang.String)[pri:3, instance:dd_tests.formatTest@1855c9a]" name="valPhone" duration-ms="2234" started-at="2017-04-27T01:17:32Z" data-provider="getData2" finished-at="2017-04-27T01:17:34Z">
          <params>
            <param index="0">
              <value>
                <![CDATA[Savleen]]>
              </value>
            </param>
            <param index="1">
              <value>
                <![CDATA[Bedi]]>
              </value>
            </param>
            <param index="2">
              <value>
                <![CDATA[……..]]>
              </value>
            </param>
          </params>
          <reporter-output>
          </reporter-output>
        </test-method> <!-- valPhone -->
      </class> <!-- dd_tests.formatTest -->
    </test> <!-- Format Test -->
    <test name="Mandatory Field Test" duration-ms="12808" started-at="2017-04-26T19:47:34Z" finished-at="2017-04-26T19:47:47Z">
      <class name="dd_tests.mandFieldTest">
        <test-method status="PASS" signature="isSkip()[pri:0, instance:dd_tests.mandFieldTest@94e528]" name="isSkip" is-config="true" duration-ms="3" started-at="2017-04-27T01:17:34Z" finished-at="2017-04-27T01:17:34Z">
          <reporter-output>
          </reporter-output>
        </test-method> <!-- isSkip -->
        <test-method status="PASS" signature="valFirstName(java.lang.String, java.lang.String, java.lang.String)[pri:4, instance:dd_tests.mandFieldTest@94e528]" name="valFirstName" duration-ms="7312" started-at="2017-04-27T01:17:35Z" data-provider="getData" finished-at="2017-04-27T01:17:42Z">
          <params>
            <param index="0">
              <value>
                <![CDATA[]]>
              </value>
            </param>
            <param index="1">
              <value>
                <![CDATA[Bedi]]>
              </value>
            </param>
            <param index="2">
              <value>
                <![CDATA[5148343453]]>
              </value>
            </param>
          </params>
          <reporter-output>
          </reporter-output>
        </test-method> <!-- valFirstName -->
        <test-method status="PASS" signature="valLastName(java.lang.String, java.lang.String, java.lang.String)[pri:5, instance:dd_tests.mandFieldTest@94e528]" name="valLastName" duration-ms="2295" started-at="2017-04-27T01:17:42Z" data-provider="getData1" finished-at="2017-04-27T01:17:45Z">
          <params>
            <param index="0">
              <value>
                <![CDATA[Savleen]]>
              </value>
            </param>
            <param index="1">
              <value>
                <![CDATA[]]>
              </value>
            </param>
            <param index="2">
              <value>
                <![CDATA[5148343453]]>
              </value>
            </param>
          </params>
          <reporter-output>
          </reporter-output>
        </test-method> <!-- valLastName -->
        <test-method status="PASS" signature="valPhone(java.lang.String, java.lang.String, java.lang.String)[pri:6, instance:dd_tests.mandFieldTest@94e528]" name="valPhone" duration-ms="2276" started-at="2017-04-27T01:17:45Z" data-provider="getData2" finished-at="2017-04-27T01:17:47Z">
          <params>
            <param index="0">
              <value>
                <![CDATA[Savleen]]>
              </value>
            </param>
            <param index="1">
              <value>
                <![CDATA[Bedi]]>
              </value>
            </param>
            <param index="2">
              <value>
                <![CDATA[]]>
              </value>
            </param>
          </params>
          <reporter-output>
          </reporter-output>
        </test-method> <!-- valPhone -->
      </class> <!-- dd_tests.mandFieldTest -->
    </test> <!-- Mandatory Field Test -->
    <test name="Submit Test" duration-ms="6175" started-at="2017-04-26T19:47:47Z" finished-at="2017-04-26T19:47:53Z">
      <class name="dd_tests.submitTest">
        <test-method status="PASS" signature="init()[pri:0, instance:dd_tests.submitTest@176b067]" name="init" is-config="true" duration-ms="22978" started-at="2017-04-27T01:15:27Z" finished-at="2017-04-27T01:15:50Z">
          <reporter-output>
          </reporter-output>
        </test-method> <!-- init -->
        <test-method status="PASS" signature="isSkip()[pri:0, instance:dd_tests.submitTest@176b067]" name="isSkip" is-config="true" duration-ms="3" started-at="2017-04-27T01:17:47Z" finished-at="2017-04-27T01:17:47Z">
          <reporter-output>
          </reporter-output>
        </test-method> <!-- isSkip -->
        <test-method status="PASS" signature="valFirstName(java.lang.String, java.lang.String, java.lang.String)[pri:10, instance:dd_tests.submitTest@176b067]" name="valFirstName" duration-ms="6000" started-at="2017-04-27T01:17:47Z" data-provider="getData" finished-at="2017-04-27T01:17:53Z">
          <params>
            <param index="0">
              <value>
                <![CDATA[Savleen]]>
              </value>
            </param>
            <param index="1">
              <value>
                <![CDATA[Bedi]]>
              </value>
            </param>
            <param index="2">
              <value>
                <![CDATA[5148343453]]>
              </value>
            </param>
          </params>
          <reporter-output>
          </reporter-output>
        </test-method> <!-- valFirstName -->
        <test-method status="PASS" signature="QuitDriver()[pri:0, instance:dd_tests.submitTest@176b067]" name="QuitDriver" is-config="true" duration-ms="3211" started-at="2017-04-27T01:17:53Z" finished-at="2017-04-27T01:17:57Z">
          <reporter-output>
          </reporter-output>
        </test-method> <!-- QuitDriver -->
      </class> <!-- dd_tests.submitTest -->
    </test> <!-- Submit Test -->
  </suite> <!-- DataDriven Framework -->
</testng-results>
